[debug] [2021-01-12T16:30:38.525Z] ----------------------------------------------------------------------
[debug] [2021-01-12T16:30:38.544Z] Command:       C:\Program Files\nodejs\node.exe C:\Users\Morang4\AppData\Roaming\npm\node_modules\firebase-tools\lib\bin\firebase.js serve
[debug] [2021-01-12T16:30:38.545Z] CLI Version:   9.1.2
[debug] [2021-01-12T16:30:38.545Z] Platform:      win32
[debug] [2021-01-12T16:30:38.545Z] Node Version:  v12.18.3
[debug] [2021-01-12T16:30:38.547Z] Time:          Tue Jan 12 2021 13:30:38 GMT-0300 (GMT-03:00)
[debug] [2021-01-12T16:30:38.548Z] ----------------------------------------------------------------------
[debug] [2021-01-12T16:30:38.548Z] 
[debug] [2021-01-12T16:30:38.565Z] > command requires scopes: ["email","openid","https://www.googleapis.com/auth/cloudplatformprojects.readonly","https://www.googleapis.com/auth/firebase","https://www.googleapis.com/auth/cloud-platform"]
[debug] [2021-01-12T16:30:38.566Z] > authorizing via signed-in user
[debug] [2021-01-12T16:30:38.566Z] [iam] checking project pizzaria-la-poliata for permissions ["firebase.projects.get"]
[debug] [2021-01-12T16:30:38.573Z] >>> HTTP REQUEST POST https://cloudresourcemanager.googleapis.com/v1/projects/pizzaria-la-poliata:testIamPermissions  
 {"permissions":["firebase.projects.get"]}
[debug] [2021-01-12T16:30:39.558Z] <<< HTTP RESPONSE 200 {"content-type":"application/json; charset=UTF-8","vary":"X-Origin, Referer, Origin,Accept-Encoding","date":"Tue, 12 Jan 2021 16:30:41 GMT","server":"ESF","cache-control":"private","x-xss-protection":"0","x-frame-options":"SAMEORIGIN","x-content-type-options":"nosniff","server-timing":"gfet4t7; dur=737","alt-svc":"h3-29=\":443\"; ma=2592000,h3-T051=\":443\"; ma=2592000,h3-Q050=\":443\"; ma=2592000,h3-Q046=\":443\"; ma=2592000,h3-Q043=\":443\"; ma=2592000,quic=\":443\"; ma=2592000; v=\"46,43\"","accept-ranges":"none","transfer-encoding":"chunked"}
[debug] [2021-01-12T16:30:39.561Z] >>> HTTP REQUEST GET https://firebase.googleapis.com/v1beta1/projects/pizzaria-la-poliata  
 
[debug] [2021-01-12T16:30:40.682Z] <<< HTTP RESPONSE 200 {"content-type":"application/json; charset=UTF-8","vary":"X-Origin, Referer, Origin,Accept-Encoding","date":"Tue, 12 Jan 2021 16:30:42 GMT","server":"ESF","cache-control":"private","x-xss-protection":"0","x-frame-options":"SAMEORIGIN","x-content-type-options":"nosniff","alt-svc":"h3-29=\":443\"; ma=2592000,h3-T051=\":443\"; ma=2592000,h3-Q050=\":443\"; ma=2592000,h3-Q046=\":443\"; ma=2592000,h3-Q043=\":443\"; ma=2592000,quic=\":443\"; ma=2592000; v=\"46,43\"","accept-ranges":"none","transfer-encoding":"chunked"}
[info] 
[info] === Serving from 'C:\Users\Morang4\sliceline\lapoliata'...
[info] 
[debug] [2021-01-12T16:30:40.702Z] >>> HTTP REQUEST GET https://firebase.googleapis.com/v1beta1/projects/pizzaria-la-poliata/webApps/-/config  
 
[debug] [2021-01-12T16:30:41.441Z] <<< HTTP RESPONSE 200 {"content-type":"application/json; charset=UTF-8","vary":"X-Origin, Referer, Origin,Accept-Encoding","date":"Tue, 12 Jan 2021 16:30:43 GMT","server":"ESF","cache-control":"private","x-xss-protection":"0","x-frame-options":"SAMEORIGIN","x-content-type-options":"nosniff","alt-svc":"h3-29=\":443\"; ma=2592000,h3-T051=\":443\"; ma=2592000,h3-Q050=\":443\"; ma=2592000,h3-Q046=\":443\"; ma=2592000,h3-Q043=\":443\"; ma=2592000,quic=\":443\"; ma=2592000; v=\"46,43\"","accept-ranges":"none","transfer-encoding":"chunked"}
[info] +  functions: Using node@12 from host. {"metadata":{"emulator":{"name":"functions"},"message":"Using node@12 from host."}}
[debug] [2021-01-12T16:30:42.268Z] defaultcredentials: writing to file C:\Users\Morang4\AppData\Roaming\firebase\burgossrodrigo_gmail_com_application_default_credentials.json
[info] i  hosting: Serving hosting files from: build {"metadata":{"emulator":{"name":"hosting"},"message":"Serving hosting files from: \u001b[1mbuild\u001b[22m"}}
[info] +  hosting: Local server: http://localhost:5000 {"metadata":{"emulator":{"name":"hosting"},"message":"Local server: \u001b[4m\u001b[1mhttp://localhost:5000\u001b[22m\u001b[24m"}}
[debug] [2021-01-12T16:30:42.318Z] Setting GAC to C:\Users\Morang4\AppData\Roaming\firebase\burgossrodrigo_gmail_com_application_default_credentials.json {"metadata":{"emulator":{"name":"functions"},"message":"Setting GAC to C:\\Users\\Morang4\\AppData\\Roaming\\firebase\\burgossrodrigo_gmail_com_application_default_credentials.json"}}
[debug] [2021-01-12T16:30:42.324Z] > refreshing access token with scopes: []
[debug] [2021-01-12T16:30:42.325Z] >>> HTTP REQUEST POST https://www.googleapis.com/oauth2/v3/token  
 <request body omitted>
[debug] [2021-01-12T16:30:42.623Z] <<< HTTP RESPONSE 200 {"cache-control":"no-cache, no-store, max-age=0, must-revalidate","pragma":"no-cache","date":"Tue, 12 Jan 2021 16:30:44 GMT","expires":"Mon, 01 Jan 1990 00:00:00 GMT","content-type":"application/json; charset=utf-8","vary":"X-Origin, Referer, Origin,Accept-Encoding","server":"scaffolding on HTTPServer2","x-xss-protection":"0","x-frame-options":"SAMEORIGIN","x-content-type-options":"nosniff","alt-svc":"h3-29=\":443\"; ma=2592000,h3-T051=\":443\"; ma=2592000,h3-Q050=\":443\"; ma=2592000,h3-Q046=\":443\"; ma=2592000,h3-Q043=\":443\"; ma=2592000,quic=\":443\"; ma=2592000; v=\"46,43\"","accept-ranges":"none","transfer-encoding":"chunked"}
[debug] [2021-01-12T16:30:42.759Z] >>> [apiv2][query] GET https://firebase.googleapis.com/v1beta1/projects/pizzaria-la-poliata/adminSdkConfig [none]
[debug] [2021-01-12T16:30:43.292Z] <<< [apiv2][status] GET https://firebase.googleapis.com/v1beta1/projects/pizzaria-la-poliata/adminSdkConfig 200
[debug] [2021-01-12T16:30:43.293Z] <<< [apiv2][body] GET https://firebase.googleapis.com/v1beta1/projects/pizzaria-la-poliata/adminSdkConfig {"projectId":"pizzaria-la-poliata","databaseURL":"https://pizzaria-la-poliata.firebaseio.com","storageBucket":"pizzaria-la-poliata.appspot.com","locationId":"southamerica-east1"}
[info] i  functions: Watching "C:\Users\Morang4\sliceline\lapoliata\functions" for Cloud Functions... {"metadata":{"emulator":{"name":"functions"},"message":"Watching \"C:\\Users\\Morang4\\sliceline\\lapoliata\\functions\" for Cloud Functions..."}}
[debug] [2021-01-12T16:30:43.617Z] [worker-pool] addWorker(~diagnostic~) {"metadata":{"emulator":{"name":"functions"},"message":"[worker-pool] addWorker(~diagnostic~)"}}
[debug] [2021-01-12T16:30:43.617Z] [worker-pool] Adding worker with key ~diagnostic~, total=1 {"metadata":{"emulator":{"name":"functions"},"message":"[worker-pool] Adding worker with key ~diagnostic~, total=1"}}
[debug] [2021-01-12T16:30:43.618Z] [worker-pool] submitWork(triggerId=) {"metadata":{"emulator":{"name":"functions"},"message":"[worker-pool] submitWork(triggerId=)"}}
[debug] [2021-01-12T16:30:43.619Z] [worker-~diagnostic~-42b4dfd8-af51-41d7-81dd-398e84c6075d]: Assigning socketPath: \\?\pipe\C:\Users\Morang4\sliceline\lapoliata\functions\18948 {"metadata":{"emulator":{"name":"functions"},"message":"[worker-~diagnostic~-42b4dfd8-af51-41d7-81dd-398e84c6075d]: Assigning socketPath: \\\\?\\pipe\\C:\\Users\\Morang4\\sliceline\\lapoliata\\functions\\18948"}}
[debug] [2021-01-12T16:30:43.619Z] [worker-~diagnostic~-42b4dfd8-af51-41d7-81dd-398e84c6075d]: BUSY {"metadata":{"emulator":{"name":"functions"},"message":"[worker-~diagnostic~-42b4dfd8-af51-41d7-81dd-398e84c6075d]: BUSY"}}
[debug] [2021-01-12T16:30:44.174Z] [runtime-status] [18948] Functions runtime initialized. {"cwd":"C:\\Users\\Morang4\\sliceline\\lapoliata\\functions","node_version":"12.18.3"} {"metadata":{"emulator":{"name":"functions"},"message":"[runtime-status] [18948] Functions runtime initialized. {\"cwd\":\"C:\\\\Users\\\\Morang4\\\\sliceline\\\\lapoliata\\\\functions\",\"node_version\":\"12.18.3\"}"}}
[debug] [2021-01-12T16:30:44.176Z] [runtime-status] [18948] Disabled runtime features: undefined {"metadata":{"emulator":{"name":"functions"},"message":"[runtime-status] [18948] Disabled runtime features: undefined"}}
[debug] [2021-01-12T16:30:44.182Z] [runtime-status] [18948] Resolved module firebase-admin {"declared":true,"installed":true,"version":"9.4.2","resolution":"C:\\Users\\Morang4\\sliceline\\lapoliata\\functions\\node_modules\\firebase-admin\\lib\\index.js"} {"metadata":{"emulator":{"name":"functions"},"message":"[runtime-status] [18948] Resolved module firebase-admin {\"declared\":true,\"installed\":true,\"version\":\"9.4.2\",\"resolution\":\"C:\\\\Users\\\\Morang4\\\\sliceline\\\\lapoliata\\\\functions\\\\node_modules\\\\firebase-admin\\\\lib\\\\index.js\"}"}}
[debug] [2021-01-12T16:30:44.186Z] [runtime-status] [18948] Resolved module firebase-functions {"declared":true,"installed":true,"version":"3.13.0","resolution":"C:\\Users\\Morang4\\sliceline\\lapoliata\\functions\\node_modules\\firebase-functions\\lib\\index.js"} {"metadata":{"emulator":{"name":"functions"},"message":"[runtime-status] [18948] Resolved module firebase-functions {\"declared\":true,\"installed\":true,\"version\":\"3.13.0\",\"resolution\":\"C:\\\\Users\\\\Morang4\\\\sliceline\\\\lapoliata\\\\functions\\\\node_modules\\\\firebase-functions\\\\lib\\\\index.js\"}"}}
[debug] [2021-01-12T16:30:44.188Z] [runtime-status] [18948] Resolved module firebase-functions {"declared":true,"installed":true,"version":"3.13.0","resolution":"C:\\Users\\Morang4\\sliceline\\lapoliata\\functions\\node_modules\\firebase-functions\\lib\\index.js"} {"metadata":{"emulator":{"name":"functions"},"message":"[runtime-status] [18948] Resolved module firebase-functions {\"declared\":true,\"installed\":true,\"version\":\"3.13.0\",\"resolution\":\"C:\\\\Users\\\\Morang4\\\\sliceline\\\\lapoliata\\\\functions\\\\node_modules\\\\firebase-functions\\\\lib\\\\index.js\"}"}}
[debug] [2021-01-12T16:30:44.192Z] [runtime-status] [18948] Outgoing network have been stubbed. [{"name":"http","status":"mocked"},{"name":"http","status":"mocked"},{"name":"https","status":"mocked"},{"name":"https","status":"mocked"},{"name":"net","status":"mocked"}] {"metadata":{"emulator":{"name":"functions"},"message":"[runtime-status] [18948] Outgoing network have been stubbed. [{\"name\":\"http\",\"status\":\"mocked\"},{\"name\":\"http\",\"status\":\"mocked\"},{\"name\":\"https\",\"status\":\"mocked\"},{\"name\":\"https\",\"status\":\"mocked\"},{\"name\":\"net\",\"status\":\"mocked\"}]"}}
[debug] [2021-01-12T16:30:44.193Z] [runtime-status] [18948] Resolved module firebase-functions {"declared":true,"installed":true,"version":"3.13.0","resolution":"C:\\Users\\Morang4\\sliceline\\lapoliata\\functions\\node_modules\\firebase-functions\\lib\\index.js"} {"metadata":{"emulator":{"name":"functions"},"message":"[runtime-status] [18948] Resolved module firebase-functions {\"declared\":true,\"installed\":true,\"version\":\"3.13.0\",\"resolution\":\"C:\\\\Users\\\\Morang4\\\\sliceline\\\\lapoliata\\\\functions\\\\node_modules\\\\firebase-functions\\\\lib\\\\index.js\"}"}}
[debug] [2021-01-12T16:30:44.349Z] [runtime-status] [18948] Checked functions.config() {"config":{}} {"metadata":{"emulator":{"name":"functions"},"message":"[runtime-status] [18948] Checked functions.config() {\"config\":{}}"}}
[debug] [2021-01-12T16:30:44.350Z] [runtime-status] [18948] firebase-functions has been stubbed. {"functionsResolution":{"declared":true,"installed":true,"version":"3.13.0","resolution":"C:\\Users\\Morang4\\sliceline\\lapoliata\\functions\\node_modules\\firebase-functions\\lib\\index.js"}} {"metadata":{"emulator":{"name":"functions"},"message":"[runtime-status] [18948] firebase-functions has been stubbed. {\"functionsResolution\":{\"declared\":true,\"installed\":true,\"version\":\"3.13.0\",\"resolution\":\"C:\\\\Users\\\\Morang4\\\\sliceline\\\\lapoliata\\\\functions\\\\node_modules\\\\firebase-functions\\\\lib\\\\index.js\"}}"}}
[debug] [2021-01-12T16:30:44.351Z] [runtime-status] [18948] Resolved module firebase-functions {"declared":true,"installed":true,"version":"3.13.0","resolution":"C:\\Users\\Morang4\\sliceline\\lapoliata\\functions\\node_modules\\firebase-functions\\lib\\index.js"} {"metadata":{"emulator":{"name":"functions"},"message":"[runtime-status] [18948] Resolved module firebase-functions {\"declared\":true,\"installed\":true,\"version\":\"3.13.0\",\"resolution\":\"C:\\\\Users\\\\Morang4\\\\sliceline\\\\lapoliata\\\\functions\\\\node_modules\\\\firebase-functions\\\\lib\\\\index.js\"}"}}
[debug] [2021-01-12T16:30:44.354Z] [runtime-status] [18948] Resolved module firebase-admin {"declared":true,"installed":true,"version":"9.4.2","resolution":"C:\\Users\\Morang4\\sliceline\\lapoliata\\functions\\node_modules\\firebase-admin\\lib\\index.js"} {"metadata":{"emulator":{"name":"functions"},"message":"[runtime-status] [18948] Resolved module firebase-admin {\"declared\":true,\"installed\":true,\"version\":\"9.4.2\",\"resolution\":\"C:\\\\Users\\\\Morang4\\\\sliceline\\\\lapoliata\\\\functions\\\\node_modules\\\\firebase-admin\\\\lib\\\\index.js\"}"}}
[debug] [2021-01-12T16:30:44.355Z] [runtime-status] [18948] Resolved module firebase-functions {"declared":true,"installed":true,"version":"3.13.0","resolution":"C:\\Users\\Morang4\\sliceline\\lapoliata\\functions\\node_modules\\firebase-functions\\lib\\index.js"} {"metadata":{"emulator":{"name":"functions"},"message":"[runtime-status] [18948] Resolved module firebase-functions {\"declared\":true,\"installed\":true,\"version\":\"3.13.0\",\"resolution\":\"C:\\\\Users\\\\Morang4\\\\sliceline\\\\lapoliata\\\\functions\\\\node_modules\\\\firebase-functions\\\\lib\\\\index.js\"}"}}
[debug] [2021-01-12T16:30:44.356Z] [runtime-status] [18948] firebase-admin has been stubbed. {"adminResolution":{"declared":true,"installed":true,"version":"9.4.2","resolution":"C:\\Users\\Morang4\\sliceline\\lapoliata\\functions\\node_modules\\firebase-admin\\lib\\index.js"}} {"metadata":{"emulator":{"name":"functions"},"message":"[runtime-status] [18948] firebase-admin has been stubbed. {\"adminResolution\":{\"declared\":true,\"installed\":true,\"version\":\"9.4.2\",\"resolution\":\"C:\\\\Users\\\\Morang4\\\\sliceline\\\\lapoliata\\\\functions\\\\node_modules\\\\firebase-admin\\\\lib\\\\index.js\"}}"}}
[debug] [2021-01-12T16:30:44.360Z] [worker-~diagnostic~-42b4dfd8-af51-41d7-81dd-398e84c6075d]: IDLE {"metadata":{"emulator":{"name":"functions"},"message":"[worker-~diagnostic~-42b4dfd8-af51-41d7-81dd-398e84c6075d]: IDLE"}}
